(2,2): 12
(2,3): 36
(2,4): 108
(2,5): 324
(2,6): 972
(2,7): 2916
(2,8): 8748
(2,9): 26244
(3,2): 36
(3,3): 112
(3,4): 336
(3,5): 1008
(3,6): 3024
(3,7): 9072
(3,8): 27216
(3,9): 81648
(4,2): 108
(4,3): 336
(4,4): 912
(4,5): 2688
(4,6): 8064
(4,7): 24192
(4,8): 72576
(4,9): 217728
(5,2): 324
(5,3): 1008
(5,4): 2688
(5,5): 7136
(5,6): 21312
(5,7): 63936
(5,8): 191808
(5,9): 575424
(6,2): 972
(6,3): 3024
(6,4): 8064
(6,5): 21312
(6,6): 56768
(6,7): 170112
(6,8): 510336
(6,9): 1531008
(7,2): 2916
(7,3): 9072
(7,4): 24192
(7,5): 63936
(7,6): 170112
(7,7): 453504
(7,8): 1360128
(7,9): 4080384
(8,2): 8748
(8,3): 27216
(8,4): 72576
(8,5): 191808
(8,6): 510336
(8,7): 1360128
(8,8): 3626752
(8,9): 10879488
(9,2): 26244
(9,3): 81648
(9,4): 217728
(9,5): 575424
(9,6): 1531008
(9,7): 4080384
(9,8): 10879488
(9,9): 29011456
